<?xml version="1.0" encoding="UTF-8"?>
<!-- Generated by org.testng.reporters.JUnitReportReporter -->
<testsuite hostname="DESKTOP-QHH559U" failures="0" tests="1" name="practice.CreateOrgTest" time="2.480" errors="0" timestamp="2023-06-26T11:08:09 IST" skipped="0">
  <testcase classname="practice.CreateOrgTest" name="launchBrowser" time="2.480"/>
  <system-out/>
</testsuite> <!-- practice.CreateOrgTest -->
